c:\users\pl_7b_000\documents\kim\class\dx113d_2009\dx113d_2009\x64\debug\vc142.pdb
c:\users\pl_7b_000\documents\kim\class\dx113d_2009\dx113d_2009\x64\debug\vc142.idb
c:\users\pl_7b_000\documents\kim\class\dx113d_2009\dx113d_2009\x64\debug\modelexporter.obj
c:\users\pl_7b_000\documents\kim\class\dx113d_2009\dx113d_2009\x64\debug\vector3.obj
c:\users\pl_7b_000\documents\kim\class\dx113d_2009\dx113d_2009\x64\debug\transform.obj
c:\users\pl_7b_000\documents\kim\class\dx113d_2009\dx113d_2009\x64\debug\gamemath.obj
c:\users\pl_7b_000\documents\kim\class\dx113d_2009\dx113d_2009\x64\debug\charactermovement.obj
c:\users\pl_7b_000\documents\kim\class\dx113d_2009\dx113d_2009\x64\debug\spherecollider.obj
c:\users\pl_7b_000\documents\kim\class\dx113d_2009\dx113d_2009\x64\debug\collider.obj
c:\users\pl_7b_000\documents\kim\class\dx113d_2009\dx113d_2009\x64\debug\capsulecollider.obj
c:\users\pl_7b_000\documents\kim\class\dx113d_2009\dx113d_2009\x64\debug\boxcollider.obj
c:\users\pl_7b_000\documents\kim\class\dx113d_2009\dx113d_2009\x64\debug\vertexbuffer.obj
c:\users\pl_7b_000\documents\kim\class\dx113d_2009\dx113d_2009\x64\debug\structuedbuffer.obj
c:\users\pl_7b_000\documents\kim\class\dx113d_2009\dx113d_2009\x64\debug\indexbuffer.obj
c:\users\pl_7b_000\documents\kim\class\dx113d_2009\dx113d_2009\x64\debug\constbuffer.obj
c:\users\pl_7b_000\documents\kim\class\dx113d_2009\dx113d_2009\x64\debug\frustum.obj
c:\users\pl_7b_000\documents\kim\class\dx113d_2009\dx113d_2009\x64\debug\environment.obj
c:\users\pl_7b_000\documents\kim\class\dx113d_2009\dx113d_2009\x64\debug\camera.obj
c:\users\pl_7b_000\documents\kim\class\dx113d_2009\dx113d_2009\x64\debug\dx113d_2009.obj
c:\users\pl_7b_000\documents\kim\class\dx113d_2009\dx113d_2009\x64\debug\node.obj
c:\users\pl_7b_000\documents\kim\class\dx113d_2009\dx113d_2009\x64\debug\heap.obj
c:\users\pl_7b_000\documents\kim\class\dx113d_2009\dx113d_2009\x64\debug\astar.obj
c:\users\pl_7b_000\documents\kim\class\dx113d_2009\dx113d_2009\x64\debug\raterizerstate.obj
c:\users\pl_7b_000\documents\kim\class\dx113d_2009\dx113d_2009\x64\debug\depthstencilstate.obj
c:\users\pl_7b_000\documents\kim\class\dx113d_2009\dx113d_2009\x64\debug\blendstate.obj
c:\users\pl_7b_000\documents\kim\class\dx113d_2009\dx113d_2009\x64\debug\vertexshader.obj
c:\users\pl_7b_000\documents\kim\class\dx113d_2009\dx113d_2009\x64\debug\shader.obj
c:\users\pl_7b_000\documents\kim\class\dx113d_2009\dx113d_2009\x64\debug\pixelshader.obj
c:\users\pl_7b_000\documents\kim\class\dx113d_2009\dx113d_2009\x64\debug\hullshader.obj
c:\users\pl_7b_000\documents\kim\class\dx113d_2009\dx113d_2009\x64\debug\geometryshader.obj
c:\users\pl_7b_000\documents\kim\class\dx113d_2009\dx113d_2009\x64\debug\domainshader.obj
c:\users\pl_7b_000\documents\kim\class\dx113d_2009\dx113d_2009\x64\debug\computeshader.obj
c:\users\pl_7b_000\documents\kim\class\dx113d_2009\dx113d_2009\x64\debug\texture.obj
c:\users\pl_7b_000\documents\kim\class\dx113d_2009\dx113d_2009\x64\debug\mesh.obj
c:\users\pl_7b_000\documents\kim\class\dx113d_2009\dx113d_2009\x64\debug\material.obj
c:\users\pl_7b_000\documents\kim\class\dx113d_2009\dx113d_2009\x64\debug\models.obj
c:\users\pl_7b_000\documents\kim\class\dx113d_2009\dx113d_2009\x64\debug\modelreader.obj
c:\users\pl_7b_000\documents\kim\class\dx113d_2009\dx113d_2009\x64\debug\modelmesh.obj
c:\users\pl_7b_000\documents\kim\class\dx113d_2009\dx113d_2009\x64\debug\modelclip.obj
c:\users\pl_7b_000\documents\kim\class\dx113d_2009\dx113d_2009\x64\debug\modelanimators.obj
c:\users\pl_7b_000\documents\kim\class\dx113d_2009\dx113d_2009\x64\debug\modelanimator.obj
c:\users\pl_7b_000\documents\kim\class\dx113d_2009\dx113d_2009\x64\debug\model.obj
c:\users\pl_7b_000\documents\kim\class\dx113d_2009\dx113d_2009\x64\debug\billboard.obj
c:\users\pl_7b_000\documents\kim\class\dx113d_2009\dx113d_2009\x64\debug\weapon.obj
c:\users\pl_7b_000\documents\kim\class\dx113d_2009\dx113d_2009\x64\debug\player.obj
c:\users\pl_7b_000\documents\kim\class\dx113d_2009\dx113d_2009\x64\debug\jin.obj
c:\users\pl_7b_000\documents\kim\class\dx113d_2009\dx113d_2009\x64\debug\cyborg.obj
c:\users\pl_7b_000\documents\kim\class\dx113d_2009\dx113d_2009\x64\debug\sprite.obj
c:\users\pl_7b_000\documents\kim\class\dx113d_2009\dx113d_2009\x64\debug\sphere.obj
c:\users\pl_7b_000\documents\kim\class\dx113d_2009\dx113d_2009\x64\debug\dragbox.obj
c:\users\pl_7b_000\documents\kim\class\dx113d_2009\dx113d_2009\x64\debug\cube.obj
c:\users\pl_7b_000\documents\kim\class\dx113d_2009\dx113d_2009\x64\debug\xml.obj
c:\users\pl_7b_000\documents\kim\class\dx113d_2009\dx113d_2009\x64\debug\utility.obj
c:\users\pl_7b_000\documents\kim\class\dx113d_2009\dx113d_2009\x64\debug\timer.obj
c:\users\pl_7b_000\documents\kim\class\dx113d_2009\dx113d_2009\x64\debug\directwrite.obj
c:\users\pl_7b_000\documents\kim\class\dx113d_2009\dx113d_2009\x64\debug\control.obj
c:\users\pl_7b_000\documents\kim\class\dx113d_2009\dx113d_2009\x64\debug\binarywriter.obj
c:\users\pl_7b_000\documents\kim\class\dx113d_2009\dx113d_2009\x64\debug\binaryreader.obj
c:\users\pl_7b_000\documents\kim\class\dx113d_2009\dx113d_2009\x64\debug\rendertarget.obj
c:\users\pl_7b_000\documents\kim\class\dx113d_2009\dx113d_2009\x64\debug\device.obj
c:\users\pl_7b_000\documents\kim\class\dx113d_2009\dx113d_2009\x64\debug\depthstencil.obj
c:\users\pl_7b_000\documents\kim\class\dx113d_2009\dx113d_2009\x64\debug\samplerstate.obj
c:\users\pl_7b_000\documents\kim\class\dx113d_2009\dx113d_2009\x64\debug\modelanimationinstancingscene.obj
c:\users\pl_7b_000\documents\kim\class\dx113d_2009\dx113d_2009\x64\debug\lightingscene.obj
c:\users\pl_7b_000\documents\kim\class\dx113d_2009\dx113d_2009\x64\debug\gridscene.obj
c:\users\pl_7b_000\documents\kim\class\dx113d_2009\dx113d_2009\x64\debug\frustumscene.obj
c:\users\pl_7b_000\documents\kim\class\dx113d_2009\dx113d_2009\x64\debug\cubescene.obj
c:\users\pl_7b_000\documents\kim\class\dx113d_2009\dx113d_2009\x64\debug\collisionscene.obj
c:\users\pl_7b_000\documents\kim\class\dx113d_2009\dx113d_2009\x64\debug\characterscene.obj
c:\users\pl_7b_000\documents\kim\class\dx113d_2009\dx113d_2009\x64\debug\billboardscene.obj
c:\users\pl_7b_000\documents\kim\class\dx113d_2009\dx113d_2009\x64\debug\astarscene.obj
c:\users\pl_7b_000\documents\kim\class\dx113d_2009\dx113d_2009\x64\debug\program.obj
c:\users\pl_7b_000\documents\kim\class\dx113d_2009\dx113d_2009\x64\debug\outline.obj
c:\users\pl_7b_000\documents\kim\class\dx113d_2009\dx113d_2009\x64\debug\spark.obj
c:\users\pl_7b_000\documents\kim\class\dx113d_2009\dx113d_2009\x64\debug\particle.obj
c:\users\pl_7b_000\documents\kim\class\dx113d_2009\dx113d_2009\x64\debug\terrainlod.obj
c:\users\pl_7b_000\documents\kim\class\dx113d_2009\dx113d_2009\x64\debug\terraineditor.obj
c:\users\pl_7b_000\documents\kim\class\dx113d_2009\dx113d_2009\x64\debug\terraindata.obj
c:\users\pl_7b_000\documents\kim\class\dx113d_2009\dx113d_2009\x64\debug\terrain.obj
c:\users\pl_7b_000\documents\kim\class\dx113d_2009\dx113d_2009\x64\debug\skybox.obj
c:\users\pl_7b_000\documents\kim\class\dx113d_2009\dx113d_2009\x64\debug\sky.obj
c:\users\pl_7b_000\documents\kim\class\dx113d_2009\dx113d_2009\x64\debug\quadtreeterrain.obj
c:\users\pl_7b_000\documents\kim\class\dx113d_2009\dx113d_2009\x64\debug\tutorialscene.obj
c:\users\pl_7b_000\documents\kim\class\dx113d_2009\dx113d_2009\x64\debug\tessellationscene.obj
c:\users\pl_7b_000\documents\kim\class\dx113d_2009\dx113d_2009\x64\debug\terrainscene.obj
c:\users\pl_7b_000\documents\kim\class\dx113d_2009\dx113d_2009\x64\debug\terrainlodscene.obj
c:\users\pl_7b_000\documents\kim\class\dx113d_2009\dx113d_2009\x64\debug\terraineditorscene.obj
c:\users\pl_7b_000\documents\kim\class\dx113d_2009\dx113d_2009\x64\debug\spherescene.obj
c:\users\pl_7b_000\documents\kim\class\dx113d_2009\dx113d_2009\x64\debug\rendertargetscene.obj
c:\users\pl_7b_000\documents\kim\class\dx113d_2009\dx113d_2009\x64\debug\quadtreescene.obj
c:\users\pl_7b_000\documents\kim\class\dx113d_2009\dx113d_2009\x64\debug\particlescene.obj
c:\users\pl_7b_000\documents\kim\class\dx113d_2009\dx113d_2009\x64\debug\outlinescene.obj
c:\users\pl_7b_000\documents\kim\class\dx113d_2009\dx113d_2009\x64\debug\modelrenderscene.obj
c:\users\pl_7b_000\documents\kim\class\dx113d_2009\dx113d_2009\x64\debug\modelinstancingscene.obj
c:\users\pl_7b_000\documents\kim\class\dx113d_2009\dx113d_2009\x64\debug\modelexportscene.obj
c:\users\pl_7b_000\documents\kim\class\dx113d_2009\dx113d_2009\x64\debug\modelanimationscene.obj
c:\users\pl_7b_000\documents\kim\class\dx113d_2009\dx113d_2009\x64\debug\spriteeffect.obj
c:\users\pl_7b_000\documents\kim\class\dx113d_2009\dx113d_2009\x64\debug\dx113d_2009.pch
c:\users\pl_7b_000\documents\kim\class\dx113d_2009\dx113d_2009\x64\debug\framework.obj
c:\users\pl_7b_000\documents\kim\class\dx113d_2009\dx113d_2009\x64\debug\particlemanager.obj
c:\users\pl_7b_000\documents\kim\class\dx113d_2009\x64\debug\billboard.cso
c:\users\pl_7b_000\documents\kim\class\dx113d_2009\x64\debug\collider.cso
c:\users\pl_7b_000\documents\kim\class\dx113d_2009\x64\debug\computepicking.cso
c:\users\pl_7b_000\documents\kim\class\dx113d_2009\x64\debug\lighting.cso
c:\users\pl_7b_000\documents\kim\class\dx113d_2009\x64\debug\modelanimation.cso
c:\users\pl_7b_000\documents\kim\class\dx113d_2009\x64\debug\modelinstancing.cso
c:\users\pl_7b_000\documents\kim\class\dx113d_2009\x64\debug\outline.cso
c:\users\pl_7b_000\documents\kim\class\dx113d_2009\x64\debug\sky.cso
c:\users\pl_7b_000\documents\kim\class\dx113d_2009\x64\debug\skybox.cso
c:\users\pl_7b_000\documents\kim\class\dx113d_2009\x64\debug\spark.cso
c:\users\pl_7b_000\documents\kim\class\dx113d_2009\x64\debug\terrain.cso
c:\users\pl_7b_000\documents\kim\class\dx113d_2009\x64\debug\terrainlod.cso
c:\users\pl_7b_000\documents\kim\class\dx113d_2009\x64\debug\tsrect.cso
c:\users\pl_7b_000\documents\kim\class\dx113d_2009\x64\debug\tstriangle.cso
c:\users\pl_7b_000\documents\kim\class\dx113d_2009\x64\debug\texture.cso
c:\users\pl_7b_000\documents\kim\class\dx113d_2009\x64\debug\spriteparticle.cso
c:\users\pl_7b_000\documents\kim\class\dx113d_2009\x64\debug\dx113d_2009.exe
c:\users\pl_7b_000\documents\kim\class\dx113d_2009\x64\debug\dx113d_2009.ilk
c:\users\pl_7b_000\documents\kim\class\dx113d_2009\x64\debug\dx113d_2009.pdb
c:\users\pl_7b_000\documents\kim\class\dx113d_2009\dx113d_2009\x64\debug\dx113d_2009.res
c:\users\pl_7b_000\documents\kim\class\dx113d_2009\dx113d_2009\x64\debug\dx113d_2009.tlog\cl.command.1.tlog
c:\users\pl_7b_000\documents\kim\class\dx113d_2009\dx113d_2009\x64\debug\dx113d_2009.tlog\cl.read.1.tlog
c:\users\pl_7b_000\documents\kim\class\dx113d_2009\dx113d_2009\x64\debug\dx113d_2009.tlog\cl.write.1.tlog
c:\users\pl_7b_000\documents\kim\class\dx113d_2009\dx113d_2009\x64\debug\dx113d_2009.tlog\fxc.command.1.tlog
c:\users\pl_7b_000\documents\kim\class\dx113d_2009\dx113d_2009\x64\debug\dx113d_2009.tlog\fxc.read.1.tlog
c:\users\pl_7b_000\documents\kim\class\dx113d_2009\dx113d_2009\x64\debug\dx113d_2009.tlog\fxc.write.1.tlog
c:\users\pl_7b_000\documents\kim\class\dx113d_2009\dx113d_2009\x64\debug\dx113d_2009.tlog\link.command.1.tlog
c:\users\pl_7b_000\documents\kim\class\dx113d_2009\dx113d_2009\x64\debug\dx113d_2009.tlog\link.read.1.tlog
c:\users\pl_7b_000\documents\kim\class\dx113d_2009\dx113d_2009\x64\debug\dx113d_2009.tlog\link.write.1.tlog
c:\users\pl_7b_000\documents\kim\class\dx113d_2009\dx113d_2009\x64\debug\dx113d_2009.tlog\rc.command.1.tlog
c:\users\pl_7b_000\documents\kim\class\dx113d_2009\dx113d_2009\x64\debug\dx113d_2009.tlog\rc.read.1.tlog
c:\users\pl_7b_000\documents\kim\class\dx113d_2009\dx113d_2009\x64\debug\dx113d_2009.tlog\rc.write.1.tlog
